<?xml version="1.0" encoding="UTF-8"?>
<!-- Generated by org.testng.reporters.JUnitReportReporter -->
<testsuite skipped="0" hostname="YEAR2020" name="com.w2a.testcase.SearchTest" tests="1" failures="0" timestamp="2020-04-12T20:53:32 WAT" time="11.502" errors="0">
  <testcase name="searchproduct" time="11.502" classname="com.w2a.testcase.SearchTest"/>
</testsuite> <!-- com.w2a.testcase.SearchTest -->
