<?xml version="1.0" encoding="UTF-8"?>
<!-- Generated by org.testng.reporters.JUnitReportReporter -->
<testsuite skipped="1" hostname="YEAR2020" name="com.w2a.testcase.SearchTest" tests="1" failures="0" timestamp="12 Apr 2020 20:02:05 GMT" time="0.000" errors="0">
  <testcase name="searchproduct" time="0.000" classname="com.w2a.testcase.SearchTest">
    <skipped/>
  </testcase> <!-- searchproduct -->
</testsuite> <!-- com.w2a.testcase.SearchTest -->
